<?xml version="1.0" encoding="UTF-8"?>
<!-- Generated by org.testng.reporters.JUnitReportReporter -->
<testsuite skipped="0" hostname="NARASIMHA" name="com.qa.tests.TestExecution" tests="1" failures="0" timestamp="12 Jan 2019 11:55:58 GMT" time="53.169" errors="0">
  <testcase name="Test" time="53.169" classname="com.qa.tests.TestExecution"/>
</testsuite> <!-- com.qa.tests.TestExecution -->
